This is pdfTeX, Version 3.141592653-2.6-1.40.24 (TeX Live 2022) (preloaded format=pdflatex 2023.3.16)  11 MAR 2024 11:36
entering extended mode
 restricted \write18 enabled.
 file:line:error style messages enabled.
 %&-line parsing enabled.
**/home/etschgi1/Desktop/REPOS/exercises-python/slides24/02/Python_02.tex
(/home/etschgi1/Desktop/REPOS/exercises-python/slides24/02/Python_02.tex
LaTeX2e <2022-11-01> patch level 1
L3 programming layer <2023-02-22> (/usr/local/texlive/2022/texmf-dist/tex/latex/beamer/beamer.cls
Document Class: beamer 2023/02/20 v3.69 A class for typesetting presentations
(/usr/local/texlive/2022/texmf-dist/tex/latex/beamer/beamerbasemodes.sty (/usr/local/texlive/2022/texmf-dist/tex/latex/etoolbox/etoolbox.sty
Package: etoolbox 2020/10/05 v2.5k e-TeX tools for LaTeX (JAW)
\etb@tempcnta=\count185
)
\beamer@tempbox=\box51
\beamer@tempcount=\count186
\c@beamerpauses=\count187
 (/usr/local/texlive/2022/texmf-dist/tex/latex/beamer/beamerbasedecode.sty
\beamer@slideinframe=\count188
\beamer@minimum=\count189
\beamer@decode@box=\box52
)
\beamer@commentbox=\box53
\beamer@modecount=\count190
) (/usr/local/texlive/2022/texmf-dist/tex/generic/iftex/iftex.sty
Package: iftex 2022/02/03 v1.0f TeX engine tests
)
\headdp=\dimen140
\footheight=\dimen141
\sidebarheight=\dimen142
\beamer@tempdim=\dimen143
\beamer@finalheight=\dimen144
\beamer@animht=\dimen145
\beamer@animdp=\dimen146
\beamer@animwd=\dimen147
\beamer@leftmargin=\dimen148
\beamer@rightmargin=\dimen149
\beamer@leftsidebar=\dimen150
\beamer@rightsidebar=\dimen151
\beamer@boxsize=\dimen152
\beamer@vboxoffset=\dimen153
\beamer@descdefault=\dimen154
\beamer@descriptionwidth=\dimen155
\beamer@lastskip=\skip48
\beamer@areabox=\box54
\beamer@animcurrent=\box55
\beamer@animshowbox=\box56
\beamer@sectionbox=\box57
\beamer@logobox=\box58
\beamer@linebox=\box59
\beamer@sectioncount=\count191
\beamer@subsubsectionmax=\count192
\beamer@subsectionmax=\count193
\beamer@sectionmax=\count194
\beamer@totalheads=\count195
\beamer@headcounter=\count196
\beamer@partstartpage=\count197
\beamer@sectionstartpage=\count198
\beamer@subsectionstartpage=\count199
\beamer@animationtempa=\count266
\beamer@animationtempb=\count267
\beamer@xpos=\count268
\beamer@ypos=\count269
\beamer@ypos@offset=\count270
\beamer@showpartnumber=\count271
\beamer@currentsubsection=\count272
\beamer@coveringdepth=\count273
\beamer@sectionadjust=\count274
\beamer@toclastsection=\count275
\beamer@tocsectionnumber=\count276
 (/usr/local/texlive/2022/texmf-dist/tex/latex/beamer/beamerbaseoptions.sty (/usr/local/texlive/2022/texmf-dist/tex/latex/graphics/keyval.sty
Package: keyval 2022/05/29 v1.15 key=value parser (DPC)
\KV@toks@=\toks16
))
\beamer@paperwidth=\skip49
\beamer@paperheight=\skip50
 (/usr/local/texlive/2022/texmf-dist/tex/latex/geometry/geometry.sty
Package: geometry 2020/01/02 v5.9 Page Geometry
 (/usr/local/texlive/2022/texmf-dist/tex/generic/iftex/ifvtex.sty
Package: ifvtex 2019/10/25 v1.7 ifvtex legacy package. Use iftex instead.
)
\Gm@cnth=\count277
\Gm@cntv=\count278
\c@Gm@tempcnt=\count279
\Gm@bindingoffset=\dimen156
\Gm@wd@mp=\dimen157
\Gm@odd@mp=\dimen158
\Gm@even@mp=\dimen159
\Gm@layoutwidth=\dimen160
\Gm@layoutheight=\dimen161
\Gm@layouthoffset=\dimen162
\Gm@layoutvoffset=\dimen163
\Gm@dimlist=\toks17
) (/usr/local/texlive/2022/texmf-dist/tex/latex/pgf/math/pgfmath.sty (/usr/local/texlive/2022/texmf-dist/tex/latex/pgf/utilities/pgfrcs.sty (/usr/local/texlive/2022/texmf-dist/tex/generic/pgf/utilities/pgfutil-common.tex
\pgfutil@everybye=\toks18
\pgfutil@tempdima=\dimen164
\pgfutil@tempdimb=\dimen165
) (/usr/local/texlive/2022/texmf-dist/tex/generic/pgf/utilities/pgfutil-latex.def
\pgfutil@abb=\box60
) (/usr/local/texlive/2022/texmf-dist/tex/generic/pgf/utilities/pgfrcs.code.tex (/usr/local/texlive/2022/texmf-dist/tex/generic/pgf/pgf.revision.tex)
Package: pgfrcs 2023-01-15 v3.1.10 (3.1.10)
)) (/usr/local/texlive/2022/texmf-dist/tex/latex/pgf/utilities/pgfkeys.sty (/usr/local/texlive/2022/texmf-dist/tex/generic/pgf/utilities/pgfkeys.code.tex
\pgfkeys@pathtoks=\toks19
\pgfkeys@temptoks=\toks20
 (/usr/local/texlive/2022/texmf-dist/tex/generic/pgf/utilities/pgfkeyslibraryfiltered.code.tex
\pgfkeys@tmptoks=\toks21
))) (/usr/local/texlive/2022/texmf-dist/tex/generic/pgf/math/pgfmath.code.tex (/usr/local/texlive/2022/texmf-dist/tex/generic/pgf/math/pgfmathutil.code.tex
\pgf@x=\dimen166
\pgf@xa=\dimen167
\pgf@xb=\dimen168
\pgf@xc=\dimen169
\pgf@y=\dimen170
\pgf@ya=\dimen171
\pgf@yb=\dimen172
\pgf@yc=\dimen173
\c@pgf@counta=\count280
\c@pgf@countb=\count281
\c@pgf@countc=\count282
\c@pgf@countd=\count283
) (/usr/local/texlive/2022/texmf-dist/tex/generic/pgf/math/pgfmathparser.code.tex
\pgfmath@dimen=\dimen174
\pgfmath@count=\count284
\pgfmath@box=\box61
\pgfmath@toks=\toks22
\pgfmath@stack@operand=\toks23
\pgfmath@stack@operation=\toks24
) (/usr/local/texlive/2022/texmf-dist/tex/generic/pgf/math/pgfmathfunctions.code.tex) (/usr/local/texlive/2022/texmf-dist/tex/generic/pgf/math/pgfmathfunctions.basic.code.tex) (/usr/local/texlive/2022/texmf-dist/tex/generic/pgf/math/pgfmathfunctions.trigonometric.code.tex) (/usr/local/texlive/2022/texmf-dist/tex/generic/pgf/math/pgfmathfunctions.random.code.tex) (/usr/local/texlive/2022/texmf-dist/tex/generic/pgf/math/pgfmathfunctions.comparison.code.tex) (/usr/local/texlive/2022/texmf-dist/tex/generic/pgf/math/pgfmathfunctions.base.code.tex) (/usr/local/texlive/2022/texmf-dist/tex/generic/pgf/math/pgfmathfunctions.round.code.tex) (/usr/local/texlive/2022/texmf-dist/tex/generic/pgf/math/pgfmathfunctions.misc.code.tex) (/usr/local/texlive/2022/texmf-dist/tex/generic/pgf/math/pgfmathfunctions.integerarithmetics.code.tex) (/usr/local/texlive/2022/texmf-dist/tex/generic/pgf/math/pgfmathcalc.code.tex) (/usr/local/texlive/2022/texmf-dist/tex/generic/pgf/math/pgfmathfloat.code.tex
\c@pgfmathroundto@lastzeros=\count285
))) (/usr/local/texlive/2022/texmf-dist/tex/latex/base/size11.clo
File: size11.clo 2022/07/02 v1.4n Standard LaTeX file (size option)
) (/usr/local/texlive/2022/texmf-dist/tex/latex/pgf/basiclayer/pgfcore.sty (/usr/local/texlive/2022/texmf-dist/tex/latex/graphics/graphicx.sty
Package: graphicx 2021/09/16 v1.2d Enhanced LaTeX Graphics (DPC,SPQR)
 (/usr/local/texlive/2022/texmf-dist/tex/latex/graphics/graphics.sty
Package: graphics 2022/03/10 v1.4e Standard LaTeX Graphics (DPC,SPQR)
 (/usr/local/texlive/2022/texmf-dist/tex/latex/graphics/trig.sty
Package: trig 2021/08/11 v1.11 sin cos tan (DPC)
) (/usr/local/texlive/2022/texmf-dist/tex/latex/graphics-cfg/graphics.cfg
File: graphics.cfg 2016/06/04 v1.11 sample graphics configuration
)
Package graphics Info: Driver file: pdftex.def on input line 107.
 (/usr/local/texlive/2022/texmf-dist/tex/latex/graphics-def/pdftex.def
File: pdftex.def 2022/09/22 v1.2b Graphics/color driver for pdftex
))
\Gin@req@height=\dimen175
\Gin@req@width=\dimen176
) (/usr/local/texlive/2022/texmf-dist/tex/latex/pgf/systemlayer/pgfsys.sty (/usr/local/texlive/2022/texmf-dist/tex/generic/pgf/systemlayer/pgfsys.code.tex
Package: pgfsys 2023-01-15 v3.1.10 (3.1.10)
\pgf@x=\dimen177
\pgf@y=\dimen178
\pgf@xa=\dimen179
\pgf@ya=\dimen180
\pgf@xb=\dimen181
\pgf@yb=\dimen182
\pgf@xc=\dimen183
\pgf@yc=\dimen184
\pgf@xd=\dimen185
\pgf@yd=\dimen186
\w@pgf@writea=\write3
\r@pgf@reada=\read2
\c@pgf@counta=\count286
\c@pgf@countb=\count287
\c@pgf@countc=\count288
\c@pgf@countd=\count289
\t@pgf@toka=\toks25
\t@pgf@tokb=\toks26
\t@pgf@tokc=\toks27
\pgf@sys@id@count=\count290
 (/usr/local/texlive/2022/texmf-dist/tex/generic/pgf/systemlayer/pgf.cfg
File: pgf.cfg 2023-01-15 v3.1.10 (3.1.10)
)
Driver file for pgf: pgfsys-pdftex.def
 (/usr/local/texlive/2022/texmf-dist/tex/generic/pgf/systemlayer/pgfsys-pdftex.def
File: pgfsys-pdftex.def 2023-01-15 v3.1.10 (3.1.10)
 (/usr/local/texlive/2022/texmf-dist/tex/generic/pgf/systemlayer/pgfsys-common-pdf.def
File: pgfsys-common-pdf.def 2023-01-15 v3.1.10 (3.1.10)
))) (/usr/local/texlive/2022/texmf-dist/tex/generic/pgf/systemlayer/pgfsyssoftpath.code.tex
File: pgfsyssoftpath.code.tex 2023-01-15 v3.1.10 (3.1.10)
\pgfsyssoftpath@smallbuffer@items=\count291
\pgfsyssoftpath@bigbuffer@items=\count292
) (/usr/local/texlive/2022/texmf-dist/tex/generic/pgf/systemlayer/pgfsysprotocol.code.tex
File: pgfsysprotocol.code.tex 2023-01-15 v3.1.10 (3.1.10)
)) (/usr/local/texlive/2022/texmf-dist/tex/latex/xcolor/xcolor.sty
Package: xcolor 2022/06/12 v2.14 LaTeX color extensions (UK)
 (/usr/local/texlive/2022/texmf-dist/tex/latex/graphics-cfg/color.cfg
File: color.cfg 2016/01/02 v1.6 sample color configuration
)
Package xcolor Info: Driver file: pdftex.def on input line 227.
 (/usr/local/texlive/2022/texmf-dist/tex/latex/graphics/mathcolor.ltx)
Package xcolor Info: Model `cmy' substituted by `cmy0' on input line 1353.
Package xcolor Info: Model `hsb' substituted by `rgb' on input line 1357.
Package xcolor Info: Model `RGB' extended on input line 1369.
Package xcolor Info: Model `HTML' substituted by `rgb' on input line 1371.
Package xcolor Info: Model `Hsb' substituted by `hsb' on input line 1372.
Package xcolor Info: Model `tHsb' substituted by `hsb' on input line 1373.
Package xcolor Info: Model `HSB' substituted by `hsb' on input line 1374.
Package xcolor Info: Model `Gray' substituted by `gray' on input line 1375.
Package xcolor Info: Model `wave' substituted by `hsb' on input line 1376.
) (/usr/local/texlive/2022/texmf-dist/tex/generic/pgf/basiclayer/pgfcore.code.tex
Package: pgfcore 2023-01-15 v3.1.10 (3.1.10)
 (/usr/local/texlive/2022/texmf-dist/tex/generic/pgf/math/pgfint.code.tex) (/usr/local/texlive/2022/texmf-dist/tex/generic/pgf/basiclayer/pgfcorepoints.code.tex
File: pgfcorepoints.code.tex 2023-01-15 v3.1.10 (3.1.10)
\pgf@picminx=\dimen187
\pgf@picmaxx=\dimen188
\pgf@picminy=\dimen189
\pgf@picmaxy=\dimen190
\pgf@pathminx=\dimen191
\pgf@pathmaxx=\dimen192
\pgf@pathminy=\dimen193
\pgf@pathmaxy=\dimen194
\pgf@xx=\dimen195
\pgf@xy=\dimen196
\pgf@yx=\dimen197
\pgf@yy=\dimen198
\pgf@zx=\dimen199
\pgf@zy=\dimen256
) (/usr/local/texlive/2022/texmf-dist/tex/generic/pgf/basiclayer/pgfcorepathconstruct.code.tex
File: pgfcorepathconstruct.code.tex 2023-01-15 v3.1.10 (3.1.10)
\pgf@path@lastx=\dimen257
\pgf@path@lasty=\dimen258
) (/usr/local/texlive/2022/texmf-dist/tex/generic/pgf/basiclayer/pgfcorepathusage.code.tex
File: pgfcorepathusage.code.tex 2023-01-15 v3.1.10 (3.1.10)
\pgf@shorten@end@additional=\dimen259
\pgf@shorten@start@additional=\dimen260
) (/usr/local/texlive/2022/texmf-dist/tex/generic/pgf/basiclayer/pgfcorescopes.code.tex
File: pgfcorescopes.code.tex 2023-01-15 v3.1.10 (3.1.10)
\pgfpic=\box62
\pgf@hbox=\box63
\pgf@layerbox@main=\box64
\pgf@picture@serial@count=\count293
) (/usr/local/texlive/2022/texmf-dist/tex/generic/pgf/basiclayer/pgfcoregraphicstate.code.tex
File: pgfcoregraphicstate.code.tex 2023-01-15 v3.1.10 (3.1.10)
\pgflinewidth=\dimen261
) (/usr/local/texlive/2022/texmf-dist/tex/generic/pgf/basiclayer/pgfcoretransformations.code.tex
File: pgfcoretransformations.code.tex 2023-01-15 v3.1.10 (3.1.10)
\pgf@pt@x=\dimen262
\pgf@pt@y=\dimen263
\pgf@pt@temp=\dimen264
) (/usr/local/texlive/2022/texmf-dist/tex/generic/pgf/basiclayer/pgfcorequick.code.tex
File: pgfcorequick.code.tex 2023-01-15 v3.1.10 (3.1.10)
) (/usr/local/texlive/2022/texmf-dist/tex/generic/pgf/basiclayer/pgfcoreobjects.code.tex
File: pgfcoreobjects.code.tex 2023-01-15 v3.1.10 (3.1.10)
) (/usr/local/texlive/2022/texmf-dist/tex/generic/pgf/basiclayer/pgfcorepathprocessing.code.tex
File: pgfcorepathprocessing.code.tex 2023-01-15 v3.1.10 (3.1.10)
) (/usr/local/texlive/2022/texmf-dist/tex/generic/pgf/basiclayer/pgfcorearrows.code.tex
File: pgfcorearrows.code.tex 2023-01-15 v3.1.10 (3.1.10)
\pgfarrowsep=\dimen265
) (/usr/local/texlive/2022/texmf-dist/tex/generic/pgf/basiclayer/pgfcoreshade.code.tex
File: pgfcoreshade.code.tex 2023-01-15 v3.1.10 (3.1.10)
\pgf@max=\dimen266
\pgf@sys@shading@range@num=\count294
\pgf@shadingcount=\count295
) (/usr/local/texlive/2022/texmf-dist/tex/generic/pgf/basiclayer/pgfcoreimage.code.tex
File: pgfcoreimage.code.tex 2023-01-15 v3.1.10 (3.1.10)
) (/usr/local/texlive/2022/texmf-dist/tex/generic/pgf/basiclayer/pgfcoreexternal.code.tex
File: pgfcoreexternal.code.tex 2023-01-15 v3.1.10 (3.1.10)
\pgfexternal@startupbox=\box65
) (/usr/local/texlive/2022/texmf-dist/tex/generic/pgf/basiclayer/pgfcorelayers.code.tex
File: pgfcorelayers.code.tex 2023-01-15 v3.1.10 (3.1.10)
) (/usr/local/texlive/2022/texmf-dist/tex/generic/pgf/basiclayer/pgfcoretransparency.code.tex
File: pgfcoretransparency.code.tex 2023-01-15 v3.1.10 (3.1.10)
) (/usr/local/texlive/2022/texmf-dist/tex/generic/pgf/basiclayer/pgfcorepatterns.code.tex
File: pgfcorepatterns.code.tex 2023-01-15 v3.1.10 (3.1.10)
) (/usr/local/texlive/2022/texmf-dist/tex/generic/pgf/basiclayer/pgfcorerdf.code.tex
File: pgfcorerdf.code.tex 2023-01-15 v3.1.10 (3.1.10)
))) (/usr/local/texlive/2022/texmf-dist/tex/latex/pgf/utilities/xxcolor.sty
Package: xxcolor 2003/10/24 ver 0.1
\XC@nummixins=\count296
\XC@countmixins=\count297
) (/usr/local/texlive/2022/texmf-dist/tex/latex/base/atbegshi-ltx.sty
Package: atbegshi-ltx 2021/01/10 v1.0c Emulation of the original atbegshi
package with kernel methods
) (/usr/local/texlive/2022/texmf-dist/tex/latex/hyperref/hyperref.sty
Package: hyperref 2023-02-07 v7.00v Hypertext links for LaTeX
 (/usr/local/texlive/2022/texmf-dist/tex/generic/ltxcmds/ltxcmds.sty
Package: ltxcmds 2020-05-10 v1.25 LaTeX kernel commands for general use (HO)
) (/usr/local/texlive/2022/texmf-dist/tex/generic/pdftexcmds/pdftexcmds.sty
Package: pdftexcmds 2020-06-27 v0.33 Utility functions of pdfTeX for LuaTeX (HO)
 (/usr/local/texlive/2022/texmf-dist/tex/generic/infwarerr/infwarerr.sty
Package: infwarerr 2019/12/03 v1.5 Providing info/warning/error messages (HO)
)
Package pdftexcmds Info: \pdf@primitive is available.
Package pdftexcmds Info: \pdf@ifprimitive is available.
Package pdftexcmds Info: \pdfdraftmode found.
) (/usr/local/texlive/2022/texmf-dist/tex/latex/kvsetkeys/kvsetkeys.sty
Package: kvsetkeys 2022-10-05 v1.19 Key value parser (HO)
) (/usr/local/texlive/2022/texmf-dist/tex/generic/kvdefinekeys/kvdefinekeys.sty
Package: kvdefinekeys 2019-12-19 v1.6 Define keys (HO)
) (/usr/local/texlive/2022/texmf-dist/tex/generic/pdfescape/pdfescape.sty
Package: pdfescape 2019/12/09 v1.15 Implements pdfTeX's escape features (HO)
) (/usr/local/texlive/2022/texmf-dist/tex/latex/hycolor/hycolor.sty
Package: hycolor 2020-01-27 v1.10 Color options for hyperref/bookmark (HO)
) (/usr/local/texlive/2022/texmf-dist/tex/latex/letltxmacro/letltxmacro.sty
Package: letltxmacro 2019/12/03 v1.6 Let assignment for LaTeX macros (HO)
) (/usr/local/texlive/2022/texmf-dist/tex/latex/auxhook/auxhook.sty
Package: auxhook 2019-12-17 v1.6 Hooks for auxiliary files (HO)
) (/usr/local/texlive/2022/texmf-dist/tex/latex/hyperref/nameref.sty
Package: nameref 2022-05-17 v2.50 Cross-referencing by name of section
 (/usr/local/texlive/2022/texmf-dist/tex/latex/refcount/refcount.sty
Package: refcount 2019/12/15 v3.6 Data extraction from label references (HO)
) (/usr/local/texlive/2022/texmf-dist/tex/generic/gettitlestring/gettitlestring.sty
Package: gettitlestring 2019/12/15 v1.6 Cleanup title references (HO)
 (/usr/local/texlive/2022/texmf-dist/tex/latex/kvoptions/kvoptions.sty
Package: kvoptions 2022-06-15 v3.15 Key value format for package options (HO)
))
\c@section@level=\count298
)
\@linkdim=\dimen267
\Hy@linkcounter=\count299
\Hy@pagecounter=\count300
 (/usr/local/texlive/2022/texmf-dist/tex/latex/hyperref/pd1enc.def
File: pd1enc.def 2023-02-07 v7.00v Hyperref: PDFDocEncoding definition (HO)
Now handling font encoding PD1 ...
... no UTF-8 mapping file for font encoding PD1
) (/usr/local/texlive/2022/texmf-dist/tex/generic/intcalc/intcalc.sty
Package: intcalc 2019/12/15 v1.3 Expandable calculations with integers (HO)
) (/usr/local/texlive/2022/texmf-dist/tex/generic/etexcmds/etexcmds.sty
Package: etexcmds 2019/12/15 v1.7 Avoid name clashes with e-TeX commands (HO)
)
\Hy@SavedSpaceFactor=\count301
 (/usr/local/texlive/2022/texmf-dist/tex/latex/hyperref/puenc.def
File: puenc.def 2023-02-07 v7.00v Hyperref: PDF Unicode definition (HO)
Now handling font encoding PU ...
... no UTF-8 mapping file for font encoding PU
)
Package hyperref Info: Option `bookmarks' set `true' on input line 4060.
Package hyperref Info: Option `bookmarksopen' set `true' on input line 4060.
Package hyperref Info: Option `implicit' set `false' on input line 4060.
Package hyperref Info: Hyper figures OFF on input line 4177.
Package hyperref Info: Link nesting OFF on input line 4182.
Package hyperref Info: Hyper index ON on input line 4185.
Package hyperref Info: Plain pages OFF on input line 4192.
Package hyperref Info: Backreferencing OFF on input line 4197.
Package hyperref Info: Implicit mode OFF; no redefinition of LaTeX internals.
Package hyperref Info: Bookmarks ON on input line 4425.
\c@Hy@tempcnt=\count302
 (/usr/local/texlive/2022/texmf-dist/tex/latex/url/url.sty
\Urlmuskip=\muskip16
Package: url 2013/09/16  ver 3.4  Verb mode for urls, etc.
)
LaTeX Info: Redefining \url on input line 4763.
\XeTeXLinkMargin=\dimen268
 (/usr/local/texlive/2022/texmf-dist/tex/generic/bitset/bitset.sty
Package: bitset 2019/12/09 v1.3 Handle bit-vector datatype (HO)
 (/usr/local/texlive/2022/texmf-dist/tex/generic/bigintcalc/bigintcalc.sty
Package: bigintcalc 2019/12/15 v1.5 Expandable calculations on big integers (HO)
))
\Fld@menulength=\count303
\Field@Width=\dimen269
\Fld@charsize=\dimen270
Package hyperref Info: Hyper figures OFF on input line 6042.
Package hyperref Info: Link nesting OFF on input line 6047.
Package hyperref Info: Hyper index ON on input line 6050.
Package hyperref Info: backreferencing OFF on input line 6057.
Package hyperref Info: Link coloring OFF on input line 6062.
Package hyperref Info: Link coloring with OCG OFF on input line 6067.
Package hyperref Info: PDF/A mode OFF on input line 6072.
\Hy@abspage=\count304


Package hyperref Message: Stopped early.

)
Package hyperref Info: Driver (autodetected): hpdftex.
 (/usr/local/texlive/2022/texmf-dist/tex/latex/hyperref/hpdftex.def
File: hpdftex.def 2023-02-07 v7.00v Hyperref driver for pdfTeX
 (/usr/local/texlive/2022/texmf-dist/tex/latex/base/atveryend-ltx.sty
Package: atveryend-ltx 2020/08/19 v1.0a Emulation of the original atveryend package
with kernel methods
)
\Fld@listcount=\count305
\c@bookmark@seq@number=\count306
 (/usr/local/texlive/2022/texmf-dist/tex/latex/rerunfilecheck/rerunfilecheck.sty
Package: rerunfilecheck 2022-07-10 v1.10 Rerun checks for auxiliary files (HO)
 (/usr/local/texlive/2022/texmf-dist/tex/generic/uniquecounter/uniquecounter.sty
Package: uniquecounter 2019/12/15 v1.4 Provide unlimited unique counter (HO)
)
Package uniquecounter Info: New unique counter `rerunfilecheck' on input line 285.
)) (/usr/local/texlive/2022/texmf-dist/tex/latex/beamer/beamerbaserequires.sty (/usr/local/texlive/2022/texmf-dist/tex/latex/beamer/beamerbasecompatibility.sty) (/usr/local/texlive/2022/texmf-dist/tex/latex/beamer/beamerbasefont.sty (/usr/local/texlive/2022/texmf-dist/tex/latex/amsfonts/amssymb.sty
Package: amssymb 2013/01/14 v3.01 AMS font symbols
 (/usr/local/texlive/2022/texmf-dist/tex/latex/amsfonts/amsfonts.sty
Package: amsfonts 2013/01/14 v3.01 Basic AMSFonts support
\@emptytoks=\toks28
\symAMSa=\mathgroup4
\symAMSb=\mathgroup5
LaTeX Font Info:    Redeclaring math symbol \hbar on input line 98.
LaTeX Font Info:    Overwriting math alphabet `\mathfrak' in version `bold'
(Font)                  U/euf/m/n --> U/euf/b/n on input line 106.
)) (/usr/local/texlive/2022/texmf-dist/tex/latex/sansmathaccent/sansmathaccent.sty
Package: sansmathaccent 2020/01/31
 (/usr/local/texlive/2022/texmf-dist/tex/latex/koma-script/scrlfile.sty
Package: scrlfile 2022/10/12 v3.38 KOMA-Script package (file load hooks)
 (/usr/local/texlive/2022/texmf-dist/tex/latex/koma-script/scrlfile-hook.sty
Package: scrlfile-hook 2022/10/12 v3.38 KOMA-Script package (using LaTeX hooks)
 (/usr/local/texlive/2022/texmf-dist/tex/latex/koma-script/scrlogo.sty
Package: scrlogo 2022/10/12 v3.38 KOMA-Script package (logo)
))))) (/usr/local/texlive/2022/texmf-dist/tex/latex/beamer/beamerbasetranslator.sty (/usr/local/texlive/2022/texmf-dist/tex/latex/translator/translator.sty
Package: translator 2021-05-31 v1.12d Easy translation of strings in LaTeX
)) (/usr/local/texlive/2022/texmf-dist/tex/latex/beamer/beamerbasemisc.sty) (/usr/local/texlive/2022/texmf-dist/tex/latex/beamer/beamerbasetwoscreens.sty) (/usr/local/texlive/2022/texmf-dist/tex/latex/beamer/beamerbaseoverlay.sty
\beamer@argscount=\count307
\beamer@lastskipcover=\skip51
\beamer@trivlistdepth=\count308
) (/usr/local/texlive/2022/texmf-dist/tex/latex/beamer/beamerbasetitle.sty) (/usr/local/texlive/2022/texmf-dist/tex/latex/beamer/beamerbasesection.sty
\c@lecture=\count309
\c@part=\count310
\c@section=\count311
\c@subsection=\count312
\c@subsubsection=\count313
) (/usr/local/texlive/2022/texmf-dist/tex/latex/beamer/beamerbaseframe.sty
\beamer@framebox=\box66
\beamer@frametitlebox=\box67
\beamer@zoombox=\box68
\beamer@zoomcount=\count314
\beamer@zoomframecount=\count315
\beamer@frametextheight=\dimen271
\c@subsectionslide=\count316
\beamer@frametopskip=\skip52
\beamer@framebottomskip=\skip53
\beamer@frametopskipautobreak=\skip54
\beamer@framebottomskipautobreak=\skip55
\beamer@envbody=\toks29
\framewidth=\dimen272
\c@framenumber=\count317
) (/usr/local/texlive/2022/texmf-dist/tex/latex/beamer/beamerbaseverbatim.sty
\beamer@verbatimfileout=\write4
) (/usr/local/texlive/2022/texmf-dist/tex/latex/beamer/beamerbaseframesize.sty
\beamer@splitbox=\box69
\beamer@autobreakcount=\count318
\beamer@autobreaklastheight=\dimen273
\beamer@frametitletoks=\toks30
\beamer@framesubtitletoks=\toks31
) (/usr/local/texlive/2022/texmf-dist/tex/latex/beamer/beamerbaseframecomponents.sty
\beamer@footins=\box70
) (/usr/local/texlive/2022/texmf-dist/tex/latex/beamer/beamerbasecolor.sty) (/usr/local/texlive/2022/texmf-dist/tex/latex/beamer/beamerbasenotes.sty
\beamer@frameboxcopy=\box71
) (/usr/local/texlive/2022/texmf-dist/tex/latex/beamer/beamerbasetoc.sty) (/usr/local/texlive/2022/texmf-dist/tex/latex/beamer/beamerbasetemplates.sty
\beamer@sbttoks=\toks32
 (/usr/local/texlive/2022/texmf-dist/tex/latex/beamer/beamerbaseauxtemplates.sty (/usr/local/texlive/2022/texmf-dist/tex/latex/beamer/beamerbaseboxes.sty
\bmb@box=\box72
\bmb@colorbox=\box73
\bmb@boxwidth=\dimen274
\bmb@boxheight=\dimen275
\bmb@prevheight=\dimen276
\bmb@temp=\dimen277
\bmb@dima=\dimen278
\bmb@dimb=\dimen279
\bmb@prevheight=\dimen280
)
\beamer@blockheadheight=\dimen281
)) (/usr/local/texlive/2022/texmf-dist/tex/latex/beamer/beamerbaselocalstructure.sty (/usr/local/texlive/2022/texmf-dist/tex/latex/tools/enumerate.sty
Package: enumerate 2015/07/23 v3.00 enumerate extensions (DPC)
\@enLab=\toks33
)
\beamer@bibiconwidth=\skip56
\c@figure=\count319
\c@table=\count320
\abovecaptionskip=\skip57
\belowcaptionskip=\skip58
) (/usr/local/texlive/2022/texmf-dist/tex/latex/beamer/beamerbasenavigation.sty (/usr/local/texlive/2022/texmf-dist/tex/latex/beamer/beamerbasenavigationsymbols.tex)
\beamer@section@min@dim=\dimen282
) (/usr/local/texlive/2022/texmf-dist/tex/latex/beamer/beamerbasetheorems.sty (/usr/local/texlive/2022/texmf-dist/tex/latex/amsmath/amsmath.sty
Package: amsmath 2022/04/08 v2.17n AMS math features
\@mathmargin=\skip59

For additional information on amsmath, use the `?' option.
(/usr/local/texlive/2022/texmf-dist/tex/latex/amsmath/amstext.sty
Package: amstext 2021/08/26 v2.01 AMS text
 (/usr/local/texlive/2022/texmf-dist/tex/latex/amsmath/amsgen.sty
File: amsgen.sty 1999/11/30 v2.0 generic functions
\@emptytoks=\toks34
\ex@=\dimen283
)) (/usr/local/texlive/2022/texmf-dist/tex/latex/amsmath/amsbsy.sty
Package: amsbsy 1999/11/29 v1.2d Bold Symbols
\pmbraise@=\dimen284
) (/usr/local/texlive/2022/texmf-dist/tex/latex/amsmath/amsopn.sty
Package: amsopn 2022/04/08 v2.04 operator names
)
\inf@bad=\count321
LaTeX Info: Redefining \frac on input line 234.
\uproot@=\count322
\leftroot@=\count323
LaTeX Info: Redefining \overline on input line 399.
LaTeX Info: Redefining \colon on input line 410.
\classnum@=\count324
\DOTSCASE@=\count325
LaTeX Info: Redefining \ldots on input line 496.
LaTeX Info: Redefining \dots on input line 499.
LaTeX Info: Redefining \cdots on input line 620.
\Mathstrutbox@=\box74
\strutbox@=\box75
LaTeX Info: Redefining \big on input line 722.
LaTeX Info: Redefining \Big on input line 723.
LaTeX Info: Redefining \bigg on input line 724.
LaTeX Info: Redefining \Bigg on input line 725.
\big@size=\dimen285
LaTeX Font Info:    Redeclaring font encoding OML on input line 743.
LaTeX Font Info:    Redeclaring font encoding OMS on input line 744.
\macc@depth=\count326
LaTeX Info: Redefining \bmod on input line 905.
LaTeX Info: Redefining \pmod on input line 910.
LaTeX Info: Redefining \smash on input line 940.
LaTeX Info: Redefining \relbar on input line 970.
LaTeX Info: Redefining \Relbar on input line 971.
\c@MaxMatrixCols=\count327
\dotsspace@=\muskip17
\c@parentequation=\count328
\dspbrk@lvl=\count329
\tag@help=\toks35
\row@=\count330
\column@=\count331
\maxfields@=\count332
\andhelp@=\toks36
\eqnshift@=\dimen286
\alignsep@=\dimen287
\tagshift@=\dimen288
\tagwidth@=\dimen289
\totwidth@=\dimen290
\lineht@=\dimen291
\@envbody=\toks37
\multlinegap=\skip60
\multlinetaggap=\skip61
\mathdisplay@stack=\toks38
LaTeX Info: Redefining \[ on input line 2953.
LaTeX Info: Redefining \] on input line 2954.
) (/usr/local/texlive/2022/texmf-dist/tex/latex/amscls/amsthm.sty
Package: amsthm 2020/05/29 v2.20.6
\thm@style=\toks39
\thm@bodyfont=\toks40
\thm@headfont=\toks41
\thm@notefont=\toks42
\thm@headpunct=\toks43
\thm@preskip=\skip62
\thm@postskip=\skip63
\thm@headsep=\skip64
\dth@everypar=\toks44
)
\c@theorem=\count333
) (/usr/local/texlive/2022/texmf-dist/tex/latex/beamer/beamerbasethemes.sty)) (/usr/local/texlive/2022/texmf-dist/tex/latex/beamer/beamerthemedefault.sty (/usr/local/texlive/2022/texmf-dist/tex/latex/beamer/beamerfontthemedefault.sty) (/usr/local/texlive/2022/texmf-dist/tex/latex/beamer/beamercolorthemedefault.sty) (/usr/local/texlive/2022/texmf-dist/tex/latex/beamer/beamerinnerthemedefault.sty
\beamer@dima=\dimen292
\beamer@dimb=\dimen293
) (/usr/local/texlive/2022/texmf-dist/tex/latex/beamer/beamerouterthemedefault.sty))) (../common/beamerthemetugraz2013.sty

LaTeX Warning: You have requested package `../common/beamerthemetugraz2013',
               but the package provides `beamerthemetugraz2013'.

Package: beamerthemetugraz2013 2012/10/22 TU Graz beamer theme rev12
(/usr/local/texlive/2022/texmf-dist/tex/latex/koma-script/scrextend.sty
Package: scrextend 2022/10/12 v3.38 KOMA-Script package (extend other classes with features of KOMA-Script classes)
 (/usr/local/texlive/2022/texmf-dist/tex/latex/koma-script/scrkbase.sty
Package: scrkbase 2022/10/12 v3.38 KOMA-Script package (KOMA-Script-dependent basics and keyval usage)
 (/usr/local/texlive/2022/texmf-dist/tex/latex/koma-script/scrbase.sty
Package: scrbase 2022/10/12 v3.38 KOMA-Script package (KOMA-Script-independent basics and keyval usage)
Applying: [2021/05/01] Usage of raw or classic option list on input line 252.
Already applied: [0000/00/00] Usage of raw or classic option list on input line 368.
))
Package scrextend Info: unexpected definition of `\@makefnmark'.
(scrextend)             Trying to patch it on input line 1709.
Package scrextend Info: patch seems to be successfull on input line 1709.
) (/usr/local/texlive/2022/texmf-dist/tex/latex/tools/calc.sty
Package: calc 2017/05/25 v4.3 Infix arithmetic (KKT,FJ)
\calc@Acount=\count334
\calc@Bcount=\count335
\calc@Adimen=\dimen294
\calc@Bdimen=\dimen295
\calc@Askip=\skip65
\calc@Bskip=\skip66
LaTeX Info: Redefining \setlength on input line 80.
LaTeX Info: Redefining \addtolength on input line 81.
\calc@Ccount=\count336
\calc@Cskip=\skip67
) (/usr/local/texlive/2022/texmf-dist/tex/latex/textpos/textpos.sty
Package: textpos 2022/07/23 v1.10.1
Package textpos Info: choosing support for LaTeX3 on input line 60.
\TP@textbox=\box76
\TPHorizModule=\dimen296
\TPVertModule=\dimen297
\TP@margin=\dimen298
\TP@absmargin=\dimen299

Grid set 16 x 16 = 22.7622pt x 17.07166pt
\TPboxrulesize=\dimen300
\TP@tbargs=\toks45
) (/usr/local/texlive/2022/texmf-dist/tex/latex/setspace/setspace.sty
Package: setspace 2022/12/04 v6.7b set line spacing
) (/usr/local/texlive/2022/texmf-dist/tex/latex/psnfss/helvet.sty
Package: helvet 2020/03/25 PSNFSS-v9.3 (WaS) 
) (/usr/local/texlive/2022/texmf-dist/tex/latex/base/inputenc.sty
Package: inputenc 2021/02/14 v1.3d Input encoding file
\inpenc@prehook=\toks46
\inpenc@posthook=\toks47
) (/usr/local/texlive/2022/texmf-dist/tex/generic/babel/babel.sty
Package: babel 2023/02/13 3.86 The Babel package
\babel@savecnt=\count337
\U@D=\dimen301
\l@unhyphenated=\language87
 (/usr/local/texlive/2022/texmf-dist/tex/generic/babel/txtbabel.def)
\bbl@readstream=\read3
LaTeX Info: Redefining \textlatin on input line 4088.
\bbl@dirlevel=\count338
 (/usr/local/texlive/2022/texmf-dist/tex/generic/babel-german/ngerman.ldf
Language: ngerman 2021/02/27 v2.13 German support for babel (post-1996 orthography)
 (/usr/local/texlive/2022/texmf-dist/tex/generic/babel-german/ngermanb.ldf
Language: ngermanb 2021/02/27 v2.13 German support for babel (post-1996 orthography)
Package babel Info: Making " an active character on input line 122.
))) (/usr/local/texlive/2022/texmf-dist/tex/generic/babel/locale/de/babel-ngerman.tex
Package babel Info: Importing font and identification data for ngerman
(babel)             from babel-de.ini. Reported on input line 11.
) (/usr/local/texlive/2022/texmf-dist/tex/latex/pgf/frontendlayer/tikz.sty (/usr/local/texlive/2022/texmf-dist/tex/latex/pgf/basiclayer/pgf.sty
Package: pgf 2023-01-15 v3.1.10 (3.1.10)
 (/usr/local/texlive/2022/texmf-dist/tex/generic/pgf/modules/pgfmoduleshapes.code.tex
File: pgfmoduleshapes.code.tex 2023-01-15 v3.1.10 (3.1.10)
\pgfnodeparttextbox=\box77
) (/usr/local/texlive/2022/texmf-dist/tex/generic/pgf/modules/pgfmoduleplot.code.tex
File: pgfmoduleplot.code.tex 2023-01-15 v3.1.10 (3.1.10)
) (/usr/local/texlive/2022/texmf-dist/tex/latex/pgf/compatibility/pgfcomp-version-0-65.sty
Package: pgfcomp-version-0-65 2023-01-15 v3.1.10 (3.1.10)
\pgf@nodesepstart=\dimen302
\pgf@nodesepend=\dimen303
) (/usr/local/texlive/2022/texmf-dist/tex/latex/pgf/compatibility/pgfcomp-version-1-18.sty
Package: pgfcomp-version-1-18 2023-01-15 v3.1.10 (3.1.10)
)) (/usr/local/texlive/2022/texmf-dist/tex/latex/pgf/utilities/pgffor.sty (/usr/local/texlive/2022/texmf-dist/tex/generic/pgf/utilities/pgffor.code.tex
Package: pgffor 2023-01-15 v3.1.10 (3.1.10)
\pgffor@iter=\dimen304
\pgffor@skip=\dimen305
\pgffor@stack=\toks48
\pgffor@toks=\toks49
)) (/usr/local/texlive/2022/texmf-dist/tex/generic/pgf/frontendlayer/tikz/tikz.code.tex
Package: tikz 2023-01-15 v3.1.10 (3.1.10)
 (/usr/local/texlive/2022/texmf-dist/tex/generic/pgf/libraries/pgflibraryplothandlers.code.tex
File: pgflibraryplothandlers.code.tex 2023-01-15 v3.1.10 (3.1.10)
\pgf@plot@mark@count=\count339
\pgfplotmarksize=\dimen306
)
\tikz@lastx=\dimen307
\tikz@lasty=\dimen308
\tikz@lastxsaved=\dimen309
\tikz@lastysaved=\dimen310
\tikz@lastmovetox=\dimen311
\tikz@lastmovetoy=\dimen312
\tikzleveldistance=\dimen313
\tikzsiblingdistance=\dimen314
\tikz@figbox=\box78
\tikz@figbox@bg=\box79
\tikz@tempbox=\box80
\tikz@tempbox@bg=\box81
\tikztreelevel=\count340
\tikznumberofchildren=\count341
\tikznumberofcurrentchild=\count342
\tikz@fig@count=\count343
 (/usr/local/texlive/2022/texmf-dist/tex/generic/pgf/modules/pgfmodulematrix.code.tex
File: pgfmodulematrix.code.tex 2023-01-15 v3.1.10 (3.1.10)
\pgfmatrixcurrentrow=\count344
\pgfmatrixcurrentcolumn=\count345
\pgf@matrix@numberofcolumns=\count346
)
\tikz@expandcount=\count347
 (/usr/local/texlive/2022/texmf-dist/tex/generic/pgf/frontendlayer/tikz/libraries/tikzlibrarytopaths.code.tex
File: tikzlibrarytopaths.code.tex 2023-01-15 v3.1.10 (3.1.10)
))) (/usr/local/texlive/2022/texmf-dist/tex/generic/pgf/frontendlayer/tikz/libraries/tikzlibrarycalc.code.tex
File: tikzlibrarycalc.code.tex 2023-01-15 v3.1.10 (3.1.10)
) (/usr/local/texlive/2022/texmf-dist/tex/latex/xifthen/xifthen.sty
Package: xifthen 2015/11/05 v1.4.0 Extended ifthen features
 (/usr/local/texlive/2022/texmf-dist/tex/latex/base/ifthen.sty
Package: ifthen 2022/04/13 v1.1d Standard LaTeX ifthen package (DPC)
) (/usr/local/texlive/2022/texmf-dist/tex/latex/ifmtarg/ifmtarg.sty
Package: ifmtarg 2018/04/16 v1.2b check for an empty argument
)) (/usr/local/texlive/2022/texmf-dist/tex/latex/pgfmorepages/pgfmorepages.sty
Package: pgfmorepages 2020/04/16 v1.20 multiple page manipulation
\pgf@logicalpages=\count348
\pgf@physicalpages=\count349
\pgf@firstshipout=\count350
\pgf@lastshipout=\count351
\pgf@currentshipout=\count352
\pgf@cpn=\count353
\pgf@clpn=\count354
\pgf@cppn=\count355
\pgfactualpage=\count356
\pgf@shipoutnextto=\count357
\pgfphysicalheight=\dimen315
\pgfphysicalwidth=\dimen316
\pgfpages@shipoutbox=\box82
) (/usr/local/texlive/2022/texmf-dist/tex/generic/soul/soul.sty
Package: soul 2023-02-18 v3.0 Permit use of UTF-8 characters in soul (HO)
 (/usr/local/texlive/2022/texmf-dist/tex/generic/soul/soul-ori.sty
Package: soul-ori 2023-02-18 v3.0 letterspacing/underlining (mf)
\SOUL@word=\toks50
\SOUL@lasttoken=\toks51
\SOUL@syllable=\toks52
\SOUL@cmds=\toks53
\SOUL@buffer=\toks54
\SOUL@token=\toks55
\SOUL@syllgoal=\dimen317
\SOUL@syllwidth=\dimen318
\SOUL@charkern=\dimen319
\SOUL@hyphkern=\dimen320
\SOUL@dimen=\dimen321
\SOUL@dimeni=\dimen322
\SOUL@minus=\count358
\SOUL@comma=\count359
\SOUL@apo=\count360
\SOUL@grave=\count361
\SOUL@spaceskip=\skip68
\SOUL@ttwidth=\dimen323
\SOUL@uldp=\dimen324
\SOUL@ulht=\dimen325
))

LaTeX Font Warning: Font shape `OT1/cmss/m/n' in size <13> not available
(Font)              size <12> substituted on input line 24.

(/usr/local/texlive/2022/texmf-dist/tex/latex/beamer/beamerinnerthemerounded.sty)
\myitemsep=\skip69
LaTeX Info: Redefining \so on input line 436.
) (/usr/local/texlive/2022/texmf-dist/tex/latex/tools/multicol.sty
Package: multicol 2021/11/30 v1.9d multicolumn formatting (FMi)
\c@tracingmulticols=\count362
\mult@box=\box83
\multicol@leftmargin=\dimen326
\c@unbalance=\count363
\c@collectmore=\count364
\doublecol@number=\count365
\multicoltolerance=\count366
\multicolpretolerance=\count367
\full@width=\dimen327
\page@free=\dimen328
\premulticols=\dimen329
\postmulticols=\dimen330
\multicolsep=\skip70
\multicolbaselineskip=\skip71
\partial@page=\box84
\last@line=\box85
\maxbalancingoverflow=\dimen331
\mult@rightbox=\box86
\mult@grightbox=\box87
\mult@firstbox=\box88
\mult@gfirstbox=\box89
\@tempa=\box90
\@tempa=\box91
\@tempa=\box92
\@tempa=\box93
\@tempa=\box94
\@tempa=\box95
\@tempa=\box96
\@tempa=\box97
\@tempa=\box98
\@tempa=\box99
\@tempa=\box100
\@tempa=\box101
\@tempa=\box102
\@tempa=\box103
\@tempa=\box104
\@tempa=\box105
\@tempa=\box106
\@tempa=\box107
\@tempa=\box108
\@tempa=\box109
\@tempa=\box110
\@tempa=\box111
\@tempa=\box112
\@tempa=\box113
\@tempa=\box114
\@tempa=\box115
\@tempa=\box116
\@tempa=\box117
\@tempa=\box118
\@tempa=\box119
\@tempa=\box120
\@tempa=\box121
\@tempa=\box122
\@tempa=\box123
\@tempa=\box124
\@tempa=\box125
\c@minrows=\count368
\c@columnbadness=\count369
\c@finalcolumnbadness=\count370
\last@try=\dimen332
\multicolovershoot=\dimen333
\multicolundershoot=\dimen334
\mult@nat@firstbox=\box126
\colbreak@box=\box127
\mc@col@check@num=\count371
) (/usr/local/texlive/2022/texmf-dist/tex/latex/bbding/bbding.sty
Package: bbding 1999/04/15 v1.01 Dingbats symbols
) (/usr/local/texlive/2022/texmf-dist/tex/latex/wasysym/wasysym.sty
Package: wasysym 2020/01/19 v2.4 Wasy-2 symbol support package
\symwasy=\mathgroup6
LaTeX Font Info:    Overwriting symbol font `wasy' in version `bold'
(Font)                  U/wasy/m/n --> U/wasy/b/n on input line 93.
) (/usr/local/texlive/2022/texmf-dist/tex/latex/caption/caption.sty
Package: caption 2022/03/01 v3.6b Customizing captions (AR)
 (/usr/local/texlive/2022/texmf-dist/tex/latex/caption/caption3.sty
Package: caption3 2022/03/17 v2.3b caption3 kernel (AR)
\caption@tempdima=\dimen335
\captionmargin=\dimen336
\caption@leftmargin=\dimen337
\caption@rightmargin=\dimen338
\caption@width=\dimen339
\caption@indent=\dimen340
\caption@parindent=\dimen341
\caption@hangindent=\dimen342
Package caption Info: beamer document class detected.
 (/usr/local/texlive/2022/texmf-dist/tex/latex/caption/caption-beamer.sto
File: caption-beamer.sto 2022/01/06 v2.0c Adaption of the caption package to the beamer document classes (AR)
))
\c@caption@flags=\count372
\c@continuedfloat=\count373
Package caption Info: hyperref package is loaded.
Package caption Info: Hyperref support is turned off
(caption)             because hyperref has stopped early.
) (/usr/local/texlive/2022/texmf-dist/tex/latex/listings/listings.sty
\lst@mode=\count374
\lst@gtempboxa=\box128
\lst@token=\toks56
\lst@length=\count375
\lst@currlwidth=\dimen343
\lst@column=\count376
\lst@pos=\count377
\lst@lostspace=\dimen344
\lst@width=\dimen345
\lst@newlines=\count378
\lst@lineno=\count379
\lst@maxwidth=\dimen346
 (/usr/local/texlive/2022/texmf-dist/tex/latex/listings/lstmisc.sty
File: lstmisc.sty 2023/02/27 1.9 (Carsten Heinz)
\c@lstnumber=\count380
\lst@skipnumbers=\count381
\lst@framebox=\box129
) (/usr/local/texlive/2022/texmf-dist/tex/latex/listings/listings.cfg
File: listings.cfg 2023/02/27 1.9 listings configuration
))
Package: listings 2023/02/27 1.9 (Carsten Heinz)
 (/usr/local/texlive/2022/texmf-dist/tex/latex/picture/picture.sty
Package: picture 2020-04-22 v1.6 Dimens for picture macros (HO)
Package picture Info: Calculation method: calc.
) (/usr/local/texlive/2022/texmf-dist/tex/latex/graphics/rotating.sty
Package: rotating 2016/08/11 v2.16d rotated objects in LaTeX
\c@r@tfl@t=\count382
\rotFPtop=\skip72
\rotFPbot=\skip73
\rot@float@box=\box130
\rot@mess@toks=\toks57
)
LaTeX Font Info:    Trying to load font information for OT1+phv on input line 83.
 (/usr/local/texlive/2022/texmf-dist/tex/latex/psnfss/ot1phv.fd
File: ot1phv.fd 2020/03/25 scalable font definitions for OT1/phv.
) (/usr/local/texlive/2022/texmf-dist/tex/latex/l3backend/l3backend-pdftex.def
File: l3backend-pdftex.def 2023-01-16 L3 backend support: PDF output (pdfTeX)
\l__color_backend_stack_int=\count383
\l__pdf_internal_box=\box131
) (./Python_02.aux)
\openout1 = `Python_02.aux'.

LaTeX Font Info:    Checking defaults for OML/cmm/m/it on input line 83.
LaTeX Font Info:    ... okay on input line 83.
LaTeX Font Info:    Checking defaults for OMS/cmsy/m/n on input line 83.
LaTeX Font Info:    ... okay on input line 83.
LaTeX Font Info:    Checking defaults for OT1/cmr/m/n on input line 83.
LaTeX Font Info:    ... okay on input line 83.
LaTeX Font Info:    Checking defaults for T1/cmr/m/n on input line 83.
LaTeX Font Info:    ... okay on input line 83.
LaTeX Font Info:    Checking defaults for TS1/cmr/m/n on input line 83.
LaTeX Font Info:    ... okay on input line 83.
LaTeX Font Info:    Checking defaults for OMX/cmex/m/n on input line 83.
LaTeX Font Info:    ... okay on input line 83.
LaTeX Font Info:    Checking defaults for U/cmr/m/n on input line 83.
LaTeX Font Info:    ... okay on input line 83.
LaTeX Font Info:    Checking defaults for PD1/pdf/m/n on input line 83.
LaTeX Font Info:    ... okay on input line 83.
LaTeX Font Info:    Checking defaults for PU/pdf/m/n on input line 83.
LaTeX Font Info:    ... okay on input line 83.

*geometry* driver: auto-detecting
*geometry* detected driver: pdftex
*geometry* verbose mode - [ preamble ] result:
* driver: pdftex
* paper: custom
* layout: <same size as paper>
* layoutoffset:(h,v)=(0.0pt,0.0pt)
* modes: includehead includefoot 
* h-part:(L,W,R)=(28.45274pt, 307.28987pt, 28.45274pt)
* v-part:(T,H,B)=(0.0pt, 273.14662pt, 0.0pt)
* \paperwidth=364.19536pt
* \paperheight=273.14662pt
* \textwidth=307.28987pt
* \textheight=244.6939pt
* \oddsidemargin=-43.81725pt
* \evensidemargin=-43.81725pt
* \topmargin=-72.26999pt
* \headheight=14.22636pt
* \headsep=0.0pt
* \topskip=11.0pt
* \footskip=14.22636pt
* \marginparwidth=4.0pt
* \marginparsep=10.0pt
* \columnsep=10.0pt
* \skip\footins=11.69997pt plus 5.19942pt minus 2.60054pt
* \hoffset=0.0pt
* \voffset=0.0pt
* \mag=1000
* \@twocolumnfalse
* \@twosidefalse
* \@mparswitchfalse
* \@reversemarginfalse
* (1in=72.27pt=25.4mm, 1cm=28.453pt)

(/usr/local/texlive/2022/texmf-dist/tex/context/base/mkii/supp-pdf.mkii
[Loading MPS to PDF converter (version 2006.09.02).]
\scratchcounter=\count384
\scratchdimen=\dimen347
\scratchbox=\box132
\nofMPsegments=\count385
\nofMParguments=\count386
\everyMPshowfont=\toks58
\MPscratchCnt=\count387
\MPscratchDim=\dimen348
\MPnumerator=\count388
\makeMPintoPDFobject=\count389
\everyMPtoPDFconversion=\toks59
) (/usr/local/texlive/2022/texmf-dist/tex/latex/epstopdf-pkg/epstopdf-base.sty
Package: epstopdf-base 2020-01-24 v2.11 Base part for package epstopdf
Package epstopdf-base Info: Redefining graphics rule for `.eps' on input line 485.
 (/usr/local/texlive/2022/texmf-dist/tex/latex/latexconfig/epstopdf-sys.cfg
File: epstopdf-sys.cfg 2010/07/13 v1.3 Configuration of (r)epstopdf for TeX Live
))
Package hyperref Info: Link coloring OFF on input line 83.
 (./Python_02.out) (./Python_02.out)
\@outlinefile=\write5
\openout5 = `Python_02.out'.

LaTeX Font Info:    Overwriting symbol font `operators' in version `normal'
(Font)                  OT1/cmr/m/n --> OT1/cmss/m/n on input line 83.
LaTeX Font Info:    Overwriting symbol font `operators' in version `bold'
(Font)                  OT1/cmr/bx/n --> OT1/cmss/b/n on input line 83.
\symnumbers=\mathgroup7
\sympureletters=\mathgroup8
LaTeX Font Info:    Overwriting math alphabet `\mathrm' in version `normal'
(Font)                  OT1/cmss/m/n --> OT1/cmr/m/n on input line 83.
LaTeX Font Info:    Redeclaring math alphabet \mathbf on input line 83.
LaTeX Font Info:    Overwriting math alphabet `\mathbf' in version `normal'
(Font)                  OT1/cmr/bx/n --> OT1/phv/b/n on input line 83.
LaTeX Font Info:    Overwriting math alphabet `\mathbf' in version `bold'
(Font)                  OT1/cmr/bx/n --> OT1/phv/b/n on input line 83.
LaTeX Font Info:    Redeclaring math alphabet \mathsf on input line 83.
LaTeX Font Info:    Overwriting math alphabet `\mathsf' in version `normal'
(Font)                  OT1/cmss/m/n --> OT1/phv/m/n on input line 83.
LaTeX Font Info:    Overwriting math alphabet `\mathsf' in version `bold'
(Font)                  OT1/cmss/bx/n --> OT1/phv/m/n on input line 83.
LaTeX Font Info:    Redeclaring math alphabet \mathit on input line 83.
LaTeX Font Info:    Overwriting math alphabet `\mathit' in version `normal'
(Font)                  OT1/cmr/m/it --> OT1/phv/m/it on input line 83.
LaTeX Font Info:    Overwriting math alphabet `\mathit' in version `bold'
(Font)                  OT1/cmr/bx/it --> OT1/phv/m/it on input line 83.
LaTeX Font Info:    Redeclaring math alphabet \mathtt on input line 83.
LaTeX Font Info:    Overwriting math alphabet `\mathtt' in version `normal'
(Font)                  OT1/cmtt/m/n --> OT1/cmtt/m/n on input line 83.
LaTeX Font Info:    Overwriting math alphabet `\mathtt' in version `bold'
(Font)                  OT1/cmtt/m/n --> OT1/cmtt/m/n on input line 83.
LaTeX Font Info:    Overwriting symbol font `numbers' in version `bold'
(Font)                  OT1/phv/m/n --> OT1/phv/b/n on input line 83.
LaTeX Font Info:    Overwriting symbol font `pureletters' in version `bold'
(Font)                  OT1/phv/m/it --> OT1/phv/b/it on input line 83.
LaTeX Font Info:    Overwriting math alphabet `\mathrm' in version `bold'
(Font)                  OT1/cmss/b/n --> OT1/cmr/b/n on input line 83.
LaTeX Font Info:    Overwriting math alphabet `\mathbf' in version `bold'
(Font)                  OT1/phv/b/n --> OT1/phv/b/n on input line 83.
LaTeX Font Info:    Overwriting math alphabet `\mathsf' in version `bold'
(Font)                  OT1/phv/m/n --> OT1/phv/b/n on input line 83.
LaTeX Font Info:    Overwriting math alphabet `\mathit' in version `bold'
(Font)                  OT1/phv/m/it --> OT1/phv/b/it on input line 83.
LaTeX Font Info:    Overwriting math alphabet `\mathtt' in version `bold'
(Font)                  OT1/cmtt/m/n --> OT1/cmtt/b/n on input line 83.
 (/usr/local/texlive/2022/texmf-dist/tex/latex/translator/translator-basic-dictionary-English.dict
Dictionary: translator-basic-dictionary, Language: English 
) (/usr/local/texlive/2022/texmf-dist/tex/latex/translator/translator-bibliography-dictionary-English.dict
Dictionary: translator-bibliography-dictionary, Language: English 
) (/usr/local/texlive/2022/texmf-dist/tex/latex/translator/translator-environment-dictionary-English.dict
Dictionary: translator-environment-dictionary, Language: English 
) (/usr/local/texlive/2022/texmf-dist/tex/latex/translator/translator-months-dictionary-English.dict
Dictionary: translator-months-dictionary, Language: English 
) (/usr/local/texlive/2022/texmf-dist/tex/latex/translator/translator-numbers-dictionary-English.dict
Dictionary: translator-numbers-dictionary, Language: English 
) (/usr/local/texlive/2022/texmf-dist/tex/latex/translator/translator-theorem-dictionary-English.dict
Dictionary: translator-theorem-dictionary, Language: English 
)
Package caption Info: Begin \AtBeginDocument code.
Package caption Info: listings package is loaded.
Package caption Info: rotating package is loaded.
Package caption Info: End \AtBeginDocument code.
\c@lstlisting=\count390
 (./Python_02.nav)
Package epstopdf Info: Source file: <../common/logo.eps>
(epstopdf)                    date: 2024-03-04 15:17:49
(epstopdf)                    size: 9111 bytes
(epstopdf)             Output file: <../common/logo-eps-converted-to.pdf>
(epstopdf)                    date: 2024-03-04 15:17:49
(epstopdf)                    size: 4797 bytes
(epstopdf)             Command: <repstopdf --outfile=../common/logo-eps-converted-to.pdf ../common/logo.eps>
(epstopdf)             \includegraphics on input line 83.
Package epstopdf Info: Output file is already uptodate.
<../common/logo-eps-converted-to.pdf, id=37, 113.42375pt x 43.16125pt>
File: ../common/logo-eps-converted-to.pdf Graphic file (type pdf)
<use ../common/logo-eps-converted-to.pdf>
Package pdftex.def Info: ../common/logo-eps-converted-to.pdf  used on input line 83.
(pdftex.def)             Requested size: 34.42784pt x 13.1006pt.
LaTeX Font Info:    Calculating math sizes for size <13> on input line 86.


LaTeX Font Warning: Font shape `OT1/cmss/m/n' in size <6.5> not available
(Font)              size <6> substituted on input line 86.


LaTeX Font Warning: Font shape `OML/cmm/m/it' in size <13> not available
(Font)              size <12> substituted on input line 86.


LaTeX Font Warning: Font shape `OML/cmm/m/it' in size <6.5> not available
(Font)              size <6> substituted on input line 86.


LaTeX Font Warning: Font shape `OMS/cmsy/m/n' in size <13> not available
(Font)              size <12> substituted on input line 86.


LaTeX Font Warning: Font shape `OMS/cmsy/m/n' in size <6.5> not available
(Font)              size <6> substituted on input line 86.

LaTeX Font Info:    Trying to load font information for U+msa on input line 86.
(/usr/local/texlive/2022/texmf-dist/tex/latex/amsfonts/umsa.fd
File: umsa.fd 2013/01/14 v3.01 AMS symbols A
)
LaTeX Font Info:    Trying to load font information for U+msb on input line 86.
 (/usr/local/texlive/2022/texmf-dist/tex/latex/amsfonts/umsb.fd
File: umsb.fd 2013/01/14 v3.01 AMS symbols B
)
LaTeX Font Info:    Trying to load font information for U+wasy on input line 86.
 (/usr/local/texlive/2022/texmf-dist/tex/latex/wasysym/uwasy.fd
File: uwasy.fd 2020/01/19 v2.4 Wasy-2 symbol font definitions
)

LaTeX Font Warning: Font shape `U/wasy/m/n' in size <13> not available
(Font)              size <12> substituted on input line 86.


LaTeX Font Warning: Font shape `U/wasy/m/n' in size <6.5> not available
(Font)              size <6> substituted on input line 86.

LaTeX Font Info:    Font shape `OT1/phv/m/it' in size <13> not available
(Font)              Font shape `OT1/phv/m/sl' tried instead on input line 86.
LaTeX Font Info:    Font shape `OT1/phv/m/it' in size <9.09996> not available
(Font)              Font shape `OT1/phv/m/sl' tried instead on input line 86.
LaTeX Font Info:    Font shape `OT1/phv/m/it' in size <6.5> not available
(Font)              Font shape `OT1/phv/m/sl' tried instead on input line 86.
Package epstopdf Info: Source file: <../common/background.eps>
(epstopdf)                    date: 2024-03-04 15:17:49
(epstopdf)                    size: 104971 bytes
(epstopdf)             Output file: <../common/background-eps-converted-to.pdf>
(epstopdf)                    date: 2024-03-04 15:17:49
(epstopdf)                    size: 9167 bytes
(epstopdf)             Command: <repstopdf --outfile=../common/background-eps-converted-to.pdf ../common/background.eps>
(epstopdf)             \includegraphics on input line 86.
Package epstopdf Info: Output file is already uptodate.
<../common/background-eps-converted-to.pdf, id=41, 861.2175pt x 417.56pt>
File: ../common/background-eps-converted-to.pdf Graphic file (type pdf)
<use ../common/background-eps-converted-to.pdf>
Package pdftex.def Info: ../common/background-eps-converted-to.pdf  used on input line 86.
(pdftex.def)             Requested size: 433.90453pt x 210.37871pt.
Package epstopdf Info: Source file: <../common/logo.eps>
(epstopdf)                    date: 2024-03-04 15:17:49
(epstopdf)                    size: 9111 bytes
(epstopdf)             Output file: <../common/logo-eps-converted-to.pdf>
(epstopdf)                    date: 2024-03-04 15:17:49
(epstopdf)                    size: 4797 bytes
(epstopdf)             Command: <repstopdf --outfile=../common/logo-eps-converted-to.pdf ../common/logo.eps>
(epstopdf)             \includegraphics on input line 86.
Package epstopdf Info: Output file is already uptodate.
File: ../common/logo-eps-converted-to.pdf Graphic file (type pdf)
<use ../common/logo-eps-converted-to.pdf>
Package pdftex.def Info: ../common/logo-eps-converted-to.pdf  used on input line 86.
(pdftex.def)             Requested size: 46.66249pt x 17.75615pt.
[1{/usr/local/texlive/2022/texmf-var/fonts/map/pdftex/updmap/pdftex.map}

 <../common/background-eps-converted-to.pdf> <../common/logo-eps-converted-to.pdf>] (./Python_02.toc)
Overfull \hbox (19.91681pt too wide) in paragraph at lines 107--107
[][][] 
 []

Package epstopdf Info: Source file: <../common/logo.eps>
(epstopdf)                    date: 2024-03-04 15:17:49
(epstopdf)                    size: 9111 bytes
(epstopdf)             Output file: <../common/logo-eps-converted-to.pdf>
(epstopdf)                    date: 2024-03-04 15:17:49
(epstopdf)                    size: 4797 bytes
(epstopdf)             Command: <repstopdf --outfile=../common/logo-eps-converted-to.pdf ../common/logo.eps>
(epstopdf)             \includegraphics on input line 107.
Package epstopdf Info: Output file is already uptodate.
File: ../common/logo-eps-converted-to.pdf Graphic file (type pdf)
<use ../common/logo-eps-converted-to.pdf>
Package pdftex.def Info: ../common/logo-eps-converted-to.pdf  used on input line 107.
(pdftex.def)             Requested size: 34.42784pt x 13.1006pt.
[2

]
Package epstopdf Info: Source file: <../common/logo.eps>
(epstopdf)                    date: 2024-03-04 15:17:49
(epstopdf)                    size: 9111 bytes
(epstopdf)             Output file: <../common/logo-eps-converted-to.pdf>
(epstopdf)                    date: 2024-03-04 15:17:49
(epstopdf)                    size: 4797 bytes
(epstopdf)             Command: <repstopdf --outfile=../common/logo-eps-converted-to.pdf ../common/logo.eps>
(epstopdf)             \includegraphics on input line 108.
Package epstopdf Info: Output file is already uptodate.
File: ../common/logo-eps-converted-to.pdf Graphic file (type pdf)
<use ../common/logo-eps-converted-to.pdf>
Package pdftex.def Info: ../common/logo-eps-converted-to.pdf  used on input line 108.
(pdftex.def)             Requested size: 34.42784pt x 13.1006pt.
 [3

]
Overfull \hbox (19.91681pt too wide) in paragraph at lines 117--117
[][][] 
 []

Package epstopdf Info: Source file: <../common/logo.eps>
(epstopdf)                    date: 2024-03-04 15:17:49
(epstopdf)                    size: 9111 bytes
(epstopdf)             Output file: <../common/logo-eps-converted-to.pdf>
(epstopdf)                    date: 2024-03-04 15:17:49
(epstopdf)                    size: 4797 bytes
(epstopdf)             Command: <repstopdf --outfile=../common/logo-eps-converted-to.pdf ../common/logo.eps>
(epstopdf)             \includegraphics on input line 117.
Package epstopdf Info: Output file is already uptodate.
File: ../common/logo-eps-converted-to.pdf Graphic file (type pdf)
<use ../common/logo-eps-converted-to.pdf>
Package pdftex.def Info: ../common/logo-eps-converted-to.pdf  used on input line 117.
(pdftex.def)             Requested size: 34.42784pt x 13.1006pt.
[4

] (/usr/local/texlive/2022/texmf-dist/tex/latex/listings/lstlang1.sty
File: lstlang1.sty 2023/02/27 1.9 listings language file
)

LaTeX Font Warning: Font shape `OT1/cmtt/m/n' in size <13> not available
(Font)              size <12> substituted on input line 122.

(./examples/numpy1.py)
Overfull \hbox (19.91681pt too wide) in paragraph at lines 122--122
[][][] 
 []

Package epstopdf Info: Source file: <../common/logo.eps>
(epstopdf)                    date: 2024-03-04 15:17:49
(epstopdf)                    size: 9111 bytes
(epstopdf)             Output file: <../common/logo-eps-converted-to.pdf>
(epstopdf)                    date: 2024-03-04 15:17:49
(epstopdf)                    size: 4797 bytes
(epstopdf)             Command: <repstopdf --outfile=../common/logo-eps-converted-to.pdf ../common/logo.eps>
(epstopdf)             \includegraphics on input line 122.
Package epstopdf Info: Output file is already uptodate.
File: ../common/logo-eps-converted-to.pdf Graphic file (type pdf)
<use ../common/logo-eps-converted-to.pdf>
Package pdftex.def Info: ../common/logo-eps-converted-to.pdf  used on input line 122.
(pdftex.def)             Requested size: 34.42784pt x 13.1006pt.
[5

] (./examples/numpy1.py) (./examples/numpy1.py)
Overfull \hbox (19.91681pt too wide) in paragraph at lines 129--129
[][][] 
 []

Package epstopdf Info: Source file: <../common/logo.eps>
(epstopdf)                    date: 2024-03-04 15:17:49
(epstopdf)                    size: 9111 bytes
(epstopdf)             Output file: <../common/logo-eps-converted-to.pdf>
(epstopdf)                    date: 2024-03-04 15:17:49
(epstopdf)                    size: 4797 bytes
(epstopdf)             Command: <repstopdf --outfile=../common/logo-eps-converted-to.pdf ../common/logo.eps>
(epstopdf)             \includegraphics on input line 129.
Package epstopdf Info: Output file is already uptodate.
File: ../common/logo-eps-converted-to.pdf Graphic file (type pdf)
<use ../common/logo-eps-converted-to.pdf>
Package pdftex.def Info: ../common/logo-eps-converted-to.pdf  used on input line 129.
(pdftex.def)             Requested size: 34.42784pt x 13.1006pt.
[6

] (./examples/numpy1.py)
Overfull \hbox (19.91681pt too wide) in paragraph at lines 134--134
[][][] 
 []

Package epstopdf Info: Source file: <../common/logo.eps>
(epstopdf)                    date: 2024-03-04 15:17:49
(epstopdf)                    size: 9111 bytes
(epstopdf)             Output file: <../common/logo-eps-converted-to.pdf>
(epstopdf)                    date: 2024-03-04 15:17:49
(epstopdf)                    size: 4797 bytes
(epstopdf)             Command: <repstopdf --outfile=../common/logo-eps-converted-to.pdf ../common/logo.eps>
(epstopdf)             \includegraphics on input line 134.
Package epstopdf Info: Output file is already uptodate.
File: ../common/logo-eps-converted-to.pdf Graphic file (type pdf)
<use ../common/logo-eps-converted-to.pdf>
Package pdftex.def Info: ../common/logo-eps-converted-to.pdf  used on input line 134.
(pdftex.def)             Requested size: 34.42784pt x 13.1006pt.
[7

] (./examples/numpy2.py)
Overfull \hbox (19.91681pt too wide) in paragraph at lines 139--139
[][][] 
 []

Package epstopdf Info: Source file: <../common/logo.eps>
(epstopdf)                    date: 2024-03-04 15:17:49
(epstopdf)                    size: 9111 bytes
(epstopdf)             Output file: <../common/logo-eps-converted-to.pdf>
(epstopdf)                    date: 2024-03-04 15:17:49
(epstopdf)                    size: 4797 bytes
(epstopdf)             Command: <repstopdf --outfile=../common/logo-eps-converted-to.pdf ../common/logo.eps>
(epstopdf)             \includegraphics on input line 139.
Package epstopdf Info: Output file is already uptodate.
File: ../common/logo-eps-converted-to.pdf Graphic file (type pdf)
<use ../common/logo-eps-converted-to.pdf>
Package pdftex.def Info: ../common/logo-eps-converted-to.pdf  used on input line 139.
(pdftex.def)             Requested size: 34.42784pt x 13.1006pt.
[8

] (./examples/arange_linspace.py)
Overfull \hbox (19.91681pt too wide) in paragraph at lines 146--146
[][][] 
 []

Package epstopdf Info: Source file: <../common/logo.eps>
(epstopdf)                    date: 2024-03-04 15:17:49
(epstopdf)                    size: 9111 bytes
(epstopdf)             Output file: <../common/logo-eps-converted-to.pdf>
(epstopdf)                    date: 2024-03-04 15:17:49
(epstopdf)                    size: 4797 bytes
(epstopdf)             Command: <repstopdf --outfile=../common/logo-eps-converted-to.pdf ../common/logo.eps>
(epstopdf)             \includegraphics on input line 146.
Package epstopdf Info: Output file is already uptodate.
File: ../common/logo-eps-converted-to.pdf Graphic file (type pdf)
<use ../common/logo-eps-converted-to.pdf>
Package pdftex.def Info: ../common/logo-eps-converted-to.pdf  used on input line 146.
(pdftex.def)             Requested size: 34.42784pt x 13.1006pt.
[9

] (./examples/numpy5.py)
Overfull \hbox (19.91681pt too wide) in paragraph at lines 151--151
[][][] 
 []

Package epstopdf Info: Source file: <../common/logo.eps>
(epstopdf)                    date: 2024-03-04 15:17:49
(epstopdf)                    size: 9111 bytes
(epstopdf)             Output file: <../common/logo-eps-converted-to.pdf>
(epstopdf)                    date: 2024-03-04 15:17:49
(epstopdf)                    size: 4797 bytes
(epstopdf)             Command: <repstopdf --outfile=../common/logo-eps-converted-to.pdf ../common/logo.eps>
(epstopdf)             \includegraphics on input line 151.
Package epstopdf Info: Output file is already uptodate.
File: ../common/logo-eps-converted-to.pdf Graphic file (type pdf)
<use ../common/logo-eps-converted-to.pdf>
Package pdftex.def Info: ../common/logo-eps-converted-to.pdf  used on input line 151.
(pdftex.def)             Requested size: 34.42784pt x 13.1006pt.
[10

] (./examples/numpy4.py)
Overfull \hbox (19.91681pt too wide) in paragraph at lines 157--157
[][][] 
 []

Package epstopdf Info: Source file: <../common/logo.eps>
(epstopdf)                    date: 2024-03-04 15:17:49
(epstopdf)                    size: 9111 bytes
(epstopdf)             Output file: <../common/logo-eps-converted-to.pdf>
(epstopdf)                    date: 2024-03-04 15:17:49
(epstopdf)                    size: 4797 bytes
(epstopdf)             Command: <repstopdf --outfile=../common/logo-eps-converted-to.pdf ../common/logo.eps>
(epstopdf)             \includegraphics on input line 157.
Package epstopdf Info: Output file is already uptodate.
File: ../common/logo-eps-converted-to.pdf Graphic file (type pdf)
<use ../common/logo-eps-converted-to.pdf>
Package pdftex.def Info: ../common/logo-eps-converted-to.pdf  used on input line 157.
(pdftex.def)             Requested size: 34.42784pt x 13.1006pt.
[11

]
Package epstopdf Info: Source file: <../common/logo.eps>
(epstopdf)                    date: 2024-03-04 15:17:49
(epstopdf)                    size: 9111 bytes
(epstopdf)             Output file: <../common/logo-eps-converted-to.pdf>
(epstopdf)                    date: 2024-03-04 15:17:49
(epstopdf)                    size: 4797 bytes
(epstopdf)             Command: <repstopdf --outfile=../common/logo-eps-converted-to.pdf ../common/logo.eps>
(epstopdf)             \includegraphics on input line 159.
Package epstopdf Info: Output file is already uptodate.
File: ../common/logo-eps-converted-to.pdf Graphic file (type pdf)
<use ../common/logo-eps-converted-to.pdf>
Package pdftex.def Info: ../common/logo-eps-converted-to.pdf  used on input line 159.
(pdftex.def)             Requested size: 34.42784pt x 13.1006pt.
 [12

]
Overfull \hbox (19.91681pt too wide) in paragraph at lines 168--168
[][][] 
 []

Package epstopdf Info: Source file: <../common/logo.eps>
(epstopdf)                    date: 2024-03-04 15:17:49
(epstopdf)                    size: 9111 bytes
(epstopdf)             Output file: <../common/logo-eps-converted-to.pdf>
(epstopdf)                    date: 2024-03-04 15:17:49
(epstopdf)                    size: 4797 bytes
(epstopdf)             Command: <repstopdf --outfile=../common/logo-eps-converted-to.pdf ../common/logo.eps>
(epstopdf)             \includegraphics on input line 168.
Package epstopdf Info: Output file is already uptodate.
File: ../common/logo-eps-converted-to.pdf Graphic file (type pdf)
<use ../common/logo-eps-converted-to.pdf>
Package pdftex.def Info: ../common/logo-eps-converted-to.pdf  used on input line 168.
(pdftex.def)             Requested size: 34.42784pt x 13.1006pt.
[13

] (./examples/numpy_rand.py)
Overfull \hbox (19.91681pt too wide) in paragraph at lines 176--176
[][][] 
 []

Package epstopdf Info: Source file: <../common/logo.eps>
(epstopdf)                    date: 2024-03-04 15:17:49
(epstopdf)                    size: 9111 bytes
(epstopdf)             Output file: <../common/logo-eps-converted-to.pdf>
(epstopdf)                    date: 2024-03-04 15:17:49
(epstopdf)                    size: 4797 bytes
(epstopdf)             Command: <repstopdf --outfile=../common/logo-eps-converted-to.pdf ../common/logo.eps>
(epstopdf)             \includegraphics on input line 176.
Package epstopdf Info: Output file is already uptodate.
File: ../common/logo-eps-converted-to.pdf Graphic file (type pdf)
<use ../common/logo-eps-converted-to.pdf>
Package pdftex.def Info: ../common/logo-eps-converted-to.pdf  used on input line 176.
(pdftex.def)             Requested size: 34.42784pt x 13.1006pt.
[14

]
Package epstopdf Info: Source file: <../common/logo.eps>
(epstopdf)                    date: 2024-03-04 15:17:49
(epstopdf)                    size: 9111 bytes
(epstopdf)             Output file: <../common/logo-eps-converted-to.pdf>
(epstopdf)                    date: 2024-03-04 15:17:49
(epstopdf)                    size: 4797 bytes
(epstopdf)             Command: <repstopdf --outfile=../common/logo-eps-converted-to.pdf ../common/logo.eps>
(epstopdf)             \includegraphics on input line 177.
Package epstopdf Info: Output file is already uptodate.
File: ../common/logo-eps-converted-to.pdf Graphic file (type pdf)
<use ../common/logo-eps-converted-to.pdf>
Package pdftex.def Info: ../common/logo-eps-converted-to.pdf  used on input line 177.
(pdftex.def)             Requested size: 34.42784pt x 13.1006pt.
 [15

] (./examples/matplotlib0.py)
Overfull \hbox (19.91681pt too wide) in paragraph at lines 188--188
[][][] 
 []

Package epstopdf Info: Source file: <../common/logo.eps>
(epstopdf)                    date: 2024-03-04 15:17:49
(epstopdf)                    size: 9111 bytes
(epstopdf)             Output file: <../common/logo-eps-converted-to.pdf>
(epstopdf)                    date: 2024-03-04 15:17:49
(epstopdf)                    size: 4797 bytes
(epstopdf)             Command: <repstopdf --outfile=../common/logo-eps-converted-to.pdf ../common/logo.eps>
(epstopdf)             \includegraphics on input line 188.
Package epstopdf Info: Output file is already uptodate.
File: ../common/logo-eps-converted-to.pdf Graphic file (type pdf)
<use ../common/logo-eps-converted-to.pdf>
Package pdftex.def Info: ../common/logo-eps-converted-to.pdf  used on input line 188.
(pdftex.def)             Requested size: 34.42784pt x 13.1006pt.
[16

] (./examples/matplotlib0.py)
Overfull \hbox (19.91681pt too wide) in paragraph at lines 193--193
[][][] 
 []

Package epstopdf Info: Source file: <../common/logo.eps>
(epstopdf)                    date: 2024-03-04 15:17:49
(epstopdf)                    size: 9111 bytes
(epstopdf)             Output file: <../common/logo-eps-converted-to.pdf>
(epstopdf)                    date: 2024-03-04 15:17:49
(epstopdf)                    size: 4797 bytes
(epstopdf)             Command: <repstopdf --outfile=../common/logo-eps-converted-to.pdf ../common/logo.eps>
(epstopdf)             \includegraphics on input line 193.
Package epstopdf Info: Output file is already uptodate.
File: ../common/logo-eps-converted-to.pdf Graphic file (type pdf)
<use ../common/logo-eps-converted-to.pdf>
Package pdftex.def Info: ../common/logo-eps-converted-to.pdf  used on input line 193.
(pdftex.def)             Requested size: 34.42784pt x 13.1006pt.
[17

]
<fig/matplotlib0.pdf, id=183, 410.69496pt x 298.29831pt>
File: fig/matplotlib0.pdf Graphic file (type pdf)
<use fig/matplotlib0.pdf>
Package pdftex.def Info: fig/matplotlib0.pdf  used on input line 203.
(pdftex.def)             Requested size: 215.10196pt x 156.2357pt.

Overfull \hbox (19.91681pt too wide) in paragraph at lines 203--203
[][][] 
 []

Package epstopdf Info: Source file: <../common/logo.eps>
(epstopdf)                    date: 2024-03-04 15:17:49
(epstopdf)                    size: 9111 bytes
(epstopdf)             Output file: <../common/logo-eps-converted-to.pdf>
(epstopdf)                    date: 2024-03-04 15:17:49
(epstopdf)                    size: 4797 bytes
(epstopdf)             Command: <repstopdf --outfile=../common/logo-eps-converted-to.pdf ../common/logo.eps>
(epstopdf)             \includegraphics on input line 203.
Package epstopdf Info: Output file is already uptodate.
File: ../common/logo-eps-converted-to.pdf Graphic file (type pdf)
<use ../common/logo-eps-converted-to.pdf>
Package pdftex.def Info: ../common/logo-eps-converted-to.pdf  used on input line 203.
(pdftex.def)             Requested size: 34.42784pt x 13.1006pt.
[18

 <./fig/matplotlib0.pdf>] (./examples/matplotlib1.py)
Overfull \hbox (19.91681pt too wide) in paragraph at lines 210--210
[][][] 
 []

Package epstopdf Info: Source file: <../common/logo.eps>
(epstopdf)                    date: 2024-03-04 15:17:49
(epstopdf)                    size: 9111 bytes
(epstopdf)             Output file: <../common/logo-eps-converted-to.pdf>
(epstopdf)                    date: 2024-03-04 15:17:49
(epstopdf)                    size: 4797 bytes
(epstopdf)             Command: <repstopdf --outfile=../common/logo-eps-converted-to.pdf ../common/logo.eps>
(epstopdf)             \includegraphics on input line 210.
Package epstopdf Info: Output file is already uptodate.
File: ../common/logo-eps-converted-to.pdf Graphic file (type pdf)
<use ../common/logo-eps-converted-to.pdf>
Package pdftex.def Info: ../common/logo-eps-converted-to.pdf  used on input line 210.
(pdftex.def)             Requested size: 34.42784pt x 13.1006pt.
[19

]
<fig/matplotlib1.pdf, id=216, 424.4181pt x 327.20317pt>
File: fig/matplotlib1.pdf Graphic file (type pdf)
<use fig/matplotlib1.pdf>
Package pdftex.def Info: fig/matplotlib1.pdf  used on input line 220.
(pdftex.def)             Requested size: 215.10196pt x 165.83292pt.

Overfull \hbox (19.91681pt too wide) in paragraph at lines 220--220
[][][] 
 []


Overfull \vbox (0.34132pt too high) detected at line 220
 []

Package epstopdf Info: Source file: <../common/logo.eps>
(epstopdf)                    date: 2024-03-04 15:17:49
(epstopdf)                    size: 9111 bytes
(epstopdf)             Output file: <../common/logo-eps-converted-to.pdf>
(epstopdf)                    date: 2024-03-04 15:17:49
(epstopdf)                    size: 4797 bytes
(epstopdf)             Command: <repstopdf --outfile=../common/logo-eps-converted-to.pdf ../common/logo.eps>
(epstopdf)             \includegraphics on input line 220.
Package epstopdf Info: Output file is already uptodate.
File: ../common/logo-eps-converted-to.pdf Graphic file (type pdf)
<use ../common/logo-eps-converted-to.pdf>
Package pdftex.def Info: ../common/logo-eps-converted-to.pdf  used on input line 220.
(pdftex.def)             Requested size: 34.42784pt x 13.1006pt.
[20

 <./fig/matplotlib1.pdf>] (./examples/matplotlib2.py)
<fig/Saveplot.png, id=258, 478.03593pt x 357.58594pt>
File: fig/Saveplot.png Graphic file (type png)
<use fig/Saveplot.png>
Package pdftex.def Info: fig/Saveplot.png  used on input line 236.
(pdftex.def)             Requested size: 184.3758pt x 137.91927pt.

Overfull \hbox (19.91681pt too wide) in paragraph at lines 236--236
[][][] 
 []


Overfull \vbox (1.5402pt too high) detected at line 236
 []

Package epstopdf Info: Source file: <../common/logo.eps>
(epstopdf)                    date: 2024-03-04 15:17:49
(epstopdf)                    size: 9111 bytes
(epstopdf)             Output file: <../common/logo-eps-converted-to.pdf>
(epstopdf)                    date: 2024-03-04 15:17:49
(epstopdf)                    size: 4797 bytes
(epstopdf)             Command: <repstopdf --outfile=../common/logo-eps-converted-to.pdf ../common/logo.eps>
(epstopdf)             \includegraphics on input line 236.
Package epstopdf Info: Output file is already uptodate.
File: ../common/logo-eps-converted-to.pdf Graphic file (type pdf)
<use ../common/logo-eps-converted-to.pdf>
Package pdftex.def Info: ../common/logo-eps-converted-to.pdf  used on input line 236.
(pdftex.def)             Requested size: 34.42784pt x 13.1006pt.
[21

 <./fig/Saveplot.png>] (./examples/matplotlib3.py)
Overfull \hbox (19.91681pt too wide) in paragraph at lines 242--242
[][][] 
 []

Package epstopdf Info: Source file: <../common/logo.eps>
(epstopdf)                    date: 2024-03-04 15:17:49
(epstopdf)                    size: 9111 bytes
(epstopdf)             Output file: <../common/logo-eps-converted-to.pdf>
(epstopdf)                    date: 2024-03-04 15:17:49
(epstopdf)                    size: 4797 bytes
(epstopdf)             Command: <repstopdf --outfile=../common/logo-eps-converted-to.pdf ../common/logo.eps>
(epstopdf)             \includegraphics on input line 242.
Package epstopdf Info: Output file is already uptodate.
File: ../common/logo-eps-converted-to.pdf Graphic file (type pdf)
<use ../common/logo-eps-converted-to.pdf>
Package pdftex.def Info: ../common/logo-eps-converted-to.pdf  used on input line 242.
(pdftex.def)             Requested size: 34.42784pt x 13.1006pt.
[22

]
<fig/matplotlib3.pdf, id=272, 395.90533pt x 298.29831pt>
File: fig/matplotlib3.pdf Graphic file (type pdf)
<use fig/matplotlib3.pdf>
Package pdftex.def Info: fig/matplotlib3.pdf  used on input line 253.
(pdftex.def)             Requested size: 199.73653pt x 150.49606pt.

Overfull \hbox (19.91681pt too wide) in paragraph at lines 253--253
[][][] 
 []


Overfull \vbox (3.4969pt too high) detected at line 253
 []

Package epstopdf Info: Source file: <../common/logo.eps>
(epstopdf)                    date: 2024-03-04 15:17:49
(epstopdf)                    size: 9111 bytes
(epstopdf)             Output file: <../common/logo-eps-converted-to.pdf>
(epstopdf)                    date: 2024-03-04 15:17:49
(epstopdf)                    size: 4797 bytes
(epstopdf)             Command: <repstopdf --outfile=../common/logo-eps-converted-to.pdf ../common/logo.eps>
(epstopdf)             \includegraphics on input line 253.
Package epstopdf Info: Output file is already uptodate.
File: ../common/logo-eps-converted-to.pdf Graphic file (type pdf)
<use ../common/logo-eps-converted-to.pdf>
Package pdftex.def Info: ../common/logo-eps-converted-to.pdf  used on input line 253.
(pdftex.def)             Requested size: 34.42784pt x 13.1006pt.
[23

 <./fig/matplotlib3.pdf>]
Overfull \hbox (19.91681pt too wide) in paragraph at lines 260--260
[][][] 
 []

Package epstopdf Info: Source file: <../common/logo.eps>
(epstopdf)                    date: 2024-03-04 15:17:49
(epstopdf)                    size: 9111 bytes
(epstopdf)             Output file: <../common/logo-eps-converted-to.pdf>
(epstopdf)                    date: 2024-03-04 15:17:49
(epstopdf)                    size: 4797 bytes
(epstopdf)             Command: <repstopdf --outfile=../common/logo-eps-converted-to.pdf ../common/logo.eps>
(epstopdf)             \includegraphics on input line 260.
Package epstopdf Info: Output file is already uptodate.
File: ../common/logo-eps-converted-to.pdf Graphic file (type pdf)
<use ../common/logo-eps-converted-to.pdf>
Package pdftex.def Info: ../common/logo-eps-converted-to.pdf  used on input line 260.
(pdftex.def)             Requested size: 34.42784pt x 13.1006pt.
[24

]
Package epstopdf Info: Source file: <../common/logo.eps>
(epstopdf)                    date: 2024-03-04 15:17:49
(epstopdf)                    size: 9111 bytes
(epstopdf)             Output file: <../common/logo-eps-converted-to.pdf>
(epstopdf)                    date: 2024-03-04 15:17:49
(epstopdf)                    size: 4797 bytes
(epstopdf)             Command: <repstopdf --outfile=../common/logo-eps-converted-to.pdf ../common/logo.eps>
(epstopdf)             \includegraphics on input line 261.
Package epstopdf Info: Output file is already uptodate.
File: ../common/logo-eps-converted-to.pdf Graphic file (type pdf)
<use ../common/logo-eps-converted-to.pdf>
Package pdftex.def Info: ../common/logo-eps-converted-to.pdf  used on input line 261.
(pdftex.def)             Requested size: 34.42784pt x 13.1006pt.
 [25

] (./examples/read_write.py)
Overfull \hbox (19.91681pt too wide) in paragraph at lines 267--267
[][][] 
 []

Package epstopdf Info: Source file: <../common/logo.eps>
(epstopdf)                    date: 2024-03-04 15:17:49
(epstopdf)                    size: 9111 bytes
(epstopdf)             Output file: <../common/logo-eps-converted-to.pdf>
(epstopdf)                    date: 2024-03-04 15:17:49
(epstopdf)                    size: 4797 bytes
(epstopdf)             Command: <repstopdf --outfile=../common/logo-eps-converted-to.pdf ../common/logo.eps>
(epstopdf)             \includegraphics on input line 267.
Package epstopdf Info: Output file is already uptodate.
File: ../common/logo-eps-converted-to.pdf Graphic file (type pdf)
<use ../common/logo-eps-converted-to.pdf>
Package pdftex.def Info: ../common/logo-eps-converted-to.pdf  used on input line 267.
(pdftex.def)             Requested size: 34.42784pt x 13.1006pt.
[26

]
<fig/csv_example.png, id=314, 178.41656pt x 187.45032pt>
File: fig/csv_example.png Graphic file (type png)
<use fig/csv_example.png>
Package pdftex.def Info: fig/csv_example.png  used on input line 276.
(pdftex.def)             Requested size: 153.64493pt x 161.43294pt.

Overfull \hbox (19.91681pt too wide) in paragraph at lines 276--276
[][][] 
 []

Package epstopdf Info: Source file: <../common/logo.eps>
(epstopdf)                    date: 2024-03-04 15:17:49
(epstopdf)                    size: 9111 bytes
(epstopdf)             Output file: <../common/logo-eps-converted-to.pdf>
(epstopdf)                    date: 2024-03-04 15:17:49
(epstopdf)                    size: 4797 bytes
(epstopdf)             Command: <repstopdf --outfile=../common/logo-eps-converted-to.pdf ../common/logo.eps>
(epstopdf)             \includegraphics on input line 276.
Package epstopdf Info: Output file is already uptodate.
File: ../common/logo-eps-converted-to.pdf Graphic file (type pdf)
<use ../common/logo-eps-converted-to.pdf>
Package pdftex.def Info: ../common/logo-eps-converted-to.pdf  used on input line 276.
(pdftex.def)             Requested size: 34.42784pt x 13.1006pt.
[27

 <./fig/csv_example.png>] (./examples/simple_csv.py)
Overfull \hbox (19.91681pt too wide) in paragraph at lines 281--281
[][][] 
 []

Package epstopdf Info: Source file: <../common/logo.eps>
(epstopdf)                    date: 2024-03-04 15:17:49
(epstopdf)                    size: 9111 bytes
(epstopdf)             Output file: <../common/logo-eps-converted-to.pdf>
(epstopdf)                    date: 2024-03-04 15:17:49
(epstopdf)                    size: 4797 bytes
(epstopdf)             Command: <repstopdf --outfile=../common/logo-eps-converted-to.pdf ../common/logo.eps>
(epstopdf)             \includegraphics on input line 281.
Package epstopdf Info: Output file is already uptodate.
File: ../common/logo-eps-converted-to.pdf Graphic file (type pdf)
<use ../common/logo-eps-converted-to.pdf>
Package pdftex.def Info: ../common/logo-eps-converted-to.pdf  used on input line 281.
(pdftex.def)             Requested size: 34.42784pt x 13.1006pt.
[28

]
<fig/simple_example.pdf, id=331, 462.52798pt x 346.89601pt>
File: fig/simple_example.pdf Graphic file (type pdf)
<use fig/simple_example.pdf>
Package pdftex.def Info: fig/simple_example.pdf  used on input line 290.
(pdftex.def)             Requested size: 215.10196pt x 161.32614pt.

Overfull \hbox (19.91681pt too wide) in paragraph at lines 290--290
[][][] 
 []

Package epstopdf Info: Source file: <../common/logo.eps>
(epstopdf)                    date: 2024-03-04 15:17:49
(epstopdf)                    size: 9111 bytes
(epstopdf)             Output file: <../common/logo-eps-converted-to.pdf>
(epstopdf)                    date: 2024-03-04 15:17:49
(epstopdf)                    size: 4797 bytes
(epstopdf)             Command: <repstopdf --outfile=../common/logo-eps-converted-to.pdf ../common/logo.eps>
(epstopdf)             \includegraphics on input line 290.
Package epstopdf Info: Output file is already uptodate.
File: ../common/logo-eps-converted-to.pdf Graphic file (type pdf)
<use ../common/logo-eps-converted-to.pdf>
Package pdftex.def Info: ../common/logo-eps-converted-to.pdf  used on input line 290.
(pdftex.def)             Requested size: 34.42784pt x 13.1006pt.
[29

 <./fig/simple_example.pdf>]
Package epstopdf Info: Source file: <../common/logo.eps>
(epstopdf)                    date: 2024-03-04 15:17:49
(epstopdf)                    size: 9111 bytes
(epstopdf)             Output file: <../common/logo-eps-converted-to.pdf>
(epstopdf)                    date: 2024-03-04 15:17:49
(epstopdf)                    size: 4797 bytes
(epstopdf)             Command: <repstopdf --outfile=../common/logo-eps-converted-to.pdf ../common/logo.eps>
(epstopdf)             \includegraphics on input line 291.
Package epstopdf Info: Output file is already uptodate.
File: ../common/logo-eps-converted-to.pdf Graphic file (type pdf)
<use ../common/logo-eps-converted-to.pdf>
Package pdftex.def Info: ../common/logo-eps-converted-to.pdf  used on input line 291.
(pdftex.def)             Requested size: 34.42784pt x 13.1006pt.
 [30

] (./examples/numpy6.py)
Overfull \hbox (19.91681pt too wide) in paragraph at lines 296--296
[][][] 
 []

Package epstopdf Info: Source file: <../common/logo.eps>
(epstopdf)                    date: 2024-03-04 15:17:49
(epstopdf)                    size: 9111 bytes
(epstopdf)             Output file: <../common/logo-eps-converted-to.pdf>
(epstopdf)                    date: 2024-03-04 15:17:49
(epstopdf)                    size: 4797 bytes
(epstopdf)             Command: <repstopdf --outfile=../common/logo-eps-converted-to.pdf ../common/logo.eps>
(epstopdf)             \includegraphics on input line 296.
Package epstopdf Info: Output file is already uptodate.
File: ../common/logo-eps-converted-to.pdf Graphic file (type pdf)
<use ../common/logo-eps-converted-to.pdf>
Package pdftex.def Info: ../common/logo-eps-converted-to.pdf  used on input line 296.
(pdftex.def)             Requested size: 34.42784pt x 13.1006pt.
[31

] (./examples/numpy3.py)
Overfull \hbox (19.91681pt too wide) in paragraph at lines 301--301
[][][] 
 []

Package epstopdf Info: Source file: <../common/logo.eps>
(epstopdf)                    date: 2024-03-04 15:17:49
(epstopdf)                    size: 9111 bytes
(epstopdf)             Output file: <../common/logo-eps-converted-to.pdf>
(epstopdf)                    date: 2024-03-04 15:17:49
(epstopdf)                    size: 4797 bytes
(epstopdf)             Command: <repstopdf --outfile=../common/logo-eps-converted-to.pdf ../common/logo.eps>
(epstopdf)             \includegraphics on input line 301.
Package epstopdf Info: Output file is already uptodate.
File: ../common/logo-eps-converted-to.pdf Graphic file (type pdf)
<use ../common/logo-eps-converted-to.pdf>
Package pdftex.def Info: ../common/logo-eps-converted-to.pdf  used on input line 301.
(pdftex.def)             Requested size: 34.42784pt x 13.1006pt.
[32

]
\tf@nav=\write6
\openout6 = `Python_02.nav'.

\tf@toc=\write7
\openout7 = `Python_02.toc'.

\tf@snm=\write8
\openout8 = `Python_02.snm'.

 (./Python_02.aux)

LaTeX Font Warning: Size substitutions with differences
(Font)              up to 1.0pt have occurred.

Package rerunfilecheck Info: File `Python_02.out' has not changed.
(rerunfilecheck)             Checksum: E9378081C9A9E1C77D88BF8B25DDFFBE;606.
 ) 
Here is how much of TeX's memory you used:
 31987 strings out of 476024
 622884 string characters out of 5790024
 1978388 words of memory out of 5000000
 51668 multiletter control sequences out of 15000+600000
 542935 words of font info for 88 fonts, out of 8000000 for 9000
 1141 hyphenation exceptions out of 8191
 128i,22n,122p,1099b,1707s stack positions out of 10000i,1000n,20000p,200000b,200000s
{/usr/local/texlive/2022/texmf-dist/fonts/enc/dvips/base/8r.enc}</usr/local/texlive/2022/texmf-dist/fonts/type1/public/amsfonts/cm/cmtt10.pfb></usr/local/texlive/2022/texmf-dist/fonts/type1/public/amsfonts/cm/cmtt12.pfb></usr/local/texlive/2022/texmf-dist/fonts/type1/urw/helvetic/uhvb8a.pfb></usr/local/texlive/2022/texmf-dist/fonts/type1/urw/helvetic/uhvr8a.pfb>
Output written on Python_02.pdf (32 pages, 151175 bytes).
PDF statistics:
 411 PDF objects out of 1000 (max. 8388607)
 290 compressed objects within 3 object streams
 71 named destinations out of 1000 (max. 500000)
 137 words of extra memory for PDF output out of 10000 (max. 10000000)

